0 info it worked if it ends with ok
1 verbose cli [ 'D:\\nodejs\\node.exe',
1 verbose cli   'D:\\nodejs\\node_modules\\npm\\bin\\npm-cli.js',
1 verbose cli   'run',
1 verbose cli   'dev' ]
2 info using npm@3.10.10
3 info using node@v6.10.2
4 verbose run-script [ 'predev', 'dev', 'postdev' ]
5 info lifecycle mock-api@1.0.0~predev: mock-api@1.0.0
6 silly lifecycle mock-api@1.0.0~predev: no script for predev, continuing
7 info lifecycle mock-api@1.0.0~dev: mock-api@1.0.0
8 verbose lifecycle mock-api@1.0.0~dev: unsafe-perm in lifecycle true
9 verbose lifecycle mock-api@1.0.0~dev: PATH: D:\nodejs\node_modules\npm\bin\node-gyp-bin;D:\B1_WORKSPACE\mock-api\node_modules\.bin;C:\Windows\system32;C:\Windows;C:\Windows\System32\Wbem;C:\Windows\System32\WindowsPowerShell\v1.0\;C:\Program Files\Lenovo\Fingerprint Manager Pro\;C:\Program Files (x86)\NVIDIA Corporation\PhysX\Common;D:\B0_软件\git\Git\cmd;D:\nodejs\;;D:\B0_软件\Microsoft VS Code\bin;C:\Ruby23-x64\bin;C:\Users\xiang.hu\AppData\Roaming\npm;C:\Users\xiang.hu\AppData\Local\Programs\Fiddler;D:\mysql\bin;D:\B0_软件\Microsoft VS Code\bin
10 verbose lifecycle mock-api@1.0.0~dev: CWD: D:\B1_WORKSPACE\mock-api
11 silly lifecycle mock-api@1.0.0~dev: Args: [ '/d /s /c', 'nodemon -w dist/ dist/index.js' ]
12 silly lifecycle mock-api@1.0.0~dev: Returned: code: 3221225786  signal: null
13 info lifecycle mock-api@1.0.0~dev: Failed to exec dev script
14 verbose stack Error: mock-api@1.0.0 dev: `nodemon -w dist/ dist/index.js`
14 verbose stack Exit status 3221225786
14 verbose stack     at EventEmitter.<anonymous> (D:\nodejs\node_modules\npm\lib\utils\lifecycle.js:255:16)
14 verbose stack     at emitTwo (events.js:106:13)
14 verbose stack     at EventEmitter.emit (events.js:191:7)
14 verbose stack     at ChildProcess.<anonymous> (D:\nodejs\node_modules\npm\lib\utils\spawn.js:40:14)
14 verbose stack     at emitTwo (events.js:106:13)
14 verbose stack     at ChildProcess.emit (events.js:191:7)
14 verbose stack     at maybeClose (internal/child_process.js:886:16)
14 verbose stack     at Process.ChildProcess._handle.onexit (internal/child_process.js:226:5)
15 verbose pkgid mock-api@1.0.0
16 verbose cwd D:\B1_WORKSPACE\mock-api
17 error Windows_NT 6.1.7601
18 error argv "D:\\nodejs\\node.exe" "D:\\nodejs\\node_modules\\npm\\bin\\npm-cli.js" "run" "dev"
19 error node v6.10.2
20 error npm  v3.10.10
21 error code ELIFECYCLE
22 error mock-api@1.0.0 dev: `nodemon -w dist/ dist/index.js`
22 error Exit status 3221225786
23 error Failed at the mock-api@1.0.0 dev script 'nodemon -w dist/ dist/index.js'.
23 error Make sure you have the latest version of node.js and npm installed.
23 error If you do, this is most likely a problem with the mock-api package,
23 error not with npm itself.
23 error Tell the author that this fails on your system:
23 error     nodemon -w dist/ dist/index.js
23 error You can get information on how to open an issue for this project with:
23 error     npm bugs mock-api
23 error Or if that isn't available, you can get their info via:
23 error     npm owner ls mock-api
23 error There is likely additional logging output above.
24 verbose exit [ 1, true ]
